<?xml version="1.0" encoding="UTF-8"?>
<testsuite name="pl.stqa.pft.addressbook.tests.ContactTest" tests="3" skipped="0" failures="0" errors="0" timestamp="2019-03-10T15:04:06" hostname="Maniek" time="23.213">
  <properties/>
  <testcase name="testContact[0](ContactData{id='0', name='name 0', lastname='lastname 0'})" classname="pl.stqa.pft.addressbook.tests.ContactTest" time="10.13"/>
  <testcase name="testContact[1](ContactData{id='0', name='name 1', lastname='lastname 1'})" classname="pl.stqa.pft.addressbook.tests.ContactTest" time="5.891"/>
  <testcase name="testContact[2](ContactData{id='0', name='name 2', lastname='lastname 2'})" classname="pl.stqa.pft.addressbook.tests.ContactTest" time="7.19"/>
  <system-out><![CDATA[]]></system-out>
  <system-err><![CDATA[]]></system-err>
</testsuite>
