<?xml version="1.0" encoding="UTF-8"?>
<testsuite name="pl.stqa.pft.addressbook.tests.GroupModificationTests" tests="1" skipped="0" failures="0" errors="0" timestamp="2019-03-10T14:28:04" hostname="Maniek" time="2.783">
  <properties/>
  <testcase name="testGroupModification" classname="pl.stqa.pft.addressbook.tests.GroupModificationTests" time="2.783"/>
  <system-out><![CDATA[]]></system-out>
  <system-err><![CDATA[]]></system-err>
</testsuite>
