<?xml version="1.0" encoding="UTF-8"?>
<testsuite name="pl.stqa.pft.addressbook.tests.GroupDeletionTest" tests="1" skipped="0" failures="0" errors="0" timestamp="2019-03-10T14:28:07" hostname="Maniek" time="2.012">
  <properties/>
  <testcase name="testGroupDeletion" classname="pl.stqa.pft.addressbook.tests.GroupDeletionTest" time="2.012"/>
  <system-out><![CDATA[]]></system-out>
  <system-err><![CDATA[]]></system-err>
</testsuite>
