<?xml version="1.0" encoding="UTF-8"?>
<testsuite name="pl.stqa.pft.addressbook.tests.ContactTest" tests="3" skipped="0" failures="0" errors="0" timestamp="2019-03-10T14:28:10" hostname="Maniek" time="14.935">
  <properties/>
  <testcase name="testContact[0](ContactData{id='0', name='name 0', lastname='lastname 0'})" classname="pl.stqa.pft.addressbook.tests.ContactTest" time="6.5"/>
  <testcase name="testContact[1](ContactData{id='0', name='name 1', lastname='lastname 1'})" classname="pl.stqa.pft.addressbook.tests.ContactTest" time="4.302"/>
  <testcase name="testContact[2](ContactData{id='0', name='name 2', lastname='lastname 2'})" classname="pl.stqa.pft.addressbook.tests.ContactTest" time="4.133"/>
  <system-out><![CDATA[]]></system-out>
  <system-err><![CDATA[]]></system-err>
</testsuite>
